Process Process-14:
Traceback (most recent call last):
  File "/home/jetnew/anaconda3/envs/smawm/lib/python3.6/multiprocessing/process.py", line 258, in _bootstrap
    self.run()
  File "/home/jetnew/anaconda3/envs/smawm/lib/python3.6/multiprocessing/process.py", line 93, in run
    self._target(*self._args, **self._kwargs)
  File "controller.py", line 182, in slave_routine
    r_queue.put((s_id, r_gen.rollout(params)))
  File "controller.py", line 127, in rollout
    action, hidden = self.get_action_and_transition(obs, hidden)
  File "controller.py", line 94, in get_action_and_transition
    _, latent_mu, _ = self.vae(obs)
  File "/home/jetnew/anaconda3/envs/smawm/lib/python3.6/site-packages/torch/nn/modules/module.py", line 547, in __call__
    result = self.forward(*input, **kwargs)
  File "/home/jetnew/smawm/vae.py", line 57, in forward
    mu, logsigma = self.encoder(x)
  File "/home/jetnew/anaconda3/envs/smawm/lib/python3.6/site-packages/torch/nn/modules/module.py", line 547, in __call__
    result = self.forward(*input, **kwargs)
  File "/home/jetnew/smawm/vae.py", line 44, in forward
    x = F.relu(self.fc1(x))
  File "/home/jetnew/anaconda3/envs/smawm/lib/python3.6/site-packages/torch/nn/modules/module.py", line 547, in __call__
    result = self.forward(*input, **kwargs)
  File "/home/jetnew/anaconda3/envs/smawm/lib/python3.6/site-packages/torch/nn/modules/linear.py", line 87, in forward
    return F.linear(input, self.weight, self.bias)
  File "/home/jetnew/anaconda3/envs/smawm/lib/python3.6/site-packages/torch/nn/functional.py", line 1369, in linear
    ret = torch.addmm(bias, input, weight.t())
KeyboardInterrupt
