Process Process-7:
Traceback (most recent call last):
  File "C:\Users\notes\Anaconda3\envs\smawm\lib\multiprocessing\process.py", line 258, in _bootstrap
    self.run()
  File "C:\Users\notes\Anaconda3\envs\smawm\lib\multiprocessing\process.py", line 93, in run
    self._target(*self._args, **self._kwargs)
  File "C:\Users\notes\smawm\controller.py", line 182, in slave_routine
    r_queue.put((s_id, r_gen.rollout(params)))
  File "C:\Users\notes\smawm\controller.py", line 127, in rollout
    action, hidden = self.get_action_and_transition(obs, hidden)
  File "C:\Users\notes\smawm\controller.py", line 94, in get_action_and_transition
    _, latent_mu, _ = self.vae(obs)
  File "C:\Users\notes\Anaconda3\envs\smawm\lib\site-packages\torch\nn\modules\module.py", line 547, in __call__
    result = self.forward(*input, **kwargs)
  File "C:\Users\notes\smawm\vae.py", line 61, in forward
    recon_x = self.decoder(z)
  File "C:\Users\notes\Anaconda3\envs\smawm\lib\site-packages\torch\nn\modules\module.py", line 547, in __call__
    result = self.forward(*input, **kwargs)
  File "C:\Users\notes\smawm\vae.py", line 27, in forward
    x = F.relu(self.fc1(x))
  File "C:\Users\notes\Anaconda3\envs\smawm\lib\site-packages\torch\nn\functional.py", line 913, in relu
    result = torch.relu(input)
KeyboardInterrupt
