Process Process-6:
Traceback (most recent call last):
  File "C:\Users\notes\Anaconda3\envs\smawm\lib\multiprocessing\process.py", line 258, in _bootstrap
    self.run()
  File "C:\Users\notes\Anaconda3\envs\smawm\lib\multiprocessing\process.py", line 93, in run
    self._target(*self._args, **self._kwargs)
  File "C:\Users\notes\smawm\controller.py", line 182, in slave_routine
    r_queue.put((s_id, r_gen.rollout(params)))
  File "C:\Users\notes\smawm\controller.py", line 127, in rollout
    action, hidden = self.get_action_and_transition(obs, hidden)
  File "C:\Users\notes\smawm\controller.py", line 96, in get_action_and_transition
    _, _, _, _, _, next_hidden = self.mdrnn(action, latent_mu, hidden)
  File "C:\Users\notes\Anaconda3\envs\smawm\lib\site-packages\torch\nn\modules\module.py", line 547, in __call__
    result = self.forward(*input, **kwargs)
  File "C:\Users\notes\smawm\mdrnn.py", line 135, in forward
    next_hidden = self.rnn(in_al, hidden)
  File "C:\Users\notes\Anaconda3\envs\smawm\lib\site-packages\torch\nn\modules\module.py", line 547, in __call__
    result = self.forward(*input, **kwargs)
  File "C:\Users\notes\Anaconda3\envs\smawm\lib\site-packages\torch\nn\modules\rnn.py", line 944, in forward
    self.bias_ih, self.bias_hh,
KeyboardInterrupt
