Process Process-3:
Traceback (most recent call last):
  File "C:\Users\notes\Anaconda3\envs\smawm\lib\multiprocessing\process.py", line 258, in _bootstrap
    self.run()
  File "C:\Users\notes\Anaconda3\envs\smawm\lib\multiprocessing\process.py", line 93, in run
    self._target(*self._args, **self._kwargs)
  File "C:\Users\notes\smawm\controller.py", line 182, in slave_routine
    r_queue.put((s_id, r_gen.rollout(params)))
  File "C:\Users\notes\smawm\controller.py", line 127, in rollout
    action, hidden = self.get_action_and_transition(obs, hidden)
  File "C:\Users\notes\smawm\controller.py", line 95, in get_action_and_transition
    action = self.controller(latent_mu, hidden[0])
  File "C:\Users\notes\Anaconda3\envs\smawm\lib\site-packages\torch\nn\modules\module.py", line 547, in __call__
    result = self.forward(*input, **kwargs)
  File "C:\Users\notes\smawm\controller.py", line 29, in forward
    return self.fc(cat_in)
  File "C:\Users\notes\Anaconda3\envs\smawm\lib\site-packages\torch\nn\modules\module.py", line 547, in __call__
    result = self.forward(*input, **kwargs)
  File "C:\Users\notes\Anaconda3\envs\smawm\lib\site-packages\torch\nn\modules\linear.py", line 87, in forward
    return F.linear(input, self.weight, self.bias)
  File "C:\Users\notes\Anaconda3\envs\smawm\lib\site-packages\torch\nn\functional.py", line 1369, in linear
    ret = torch.addmm(bias, input, weight.t())
KeyboardInterrupt
