Process Process-14:
Traceback (most recent call last):
  File "C:\Users\notes\Anaconda3\envs\smawm\lib\multiprocessing\process.py", line 258, in _bootstrap
    self.run()
  File "C:\Users\notes\Anaconda3\envs\smawm\lib\multiprocessing\process.py", line 93, in run
    self._target(*self._args, **self._kwargs)
  File "C:\Users\notes\smawm\controller.py", line 182, in slave_routine
    r_queue.put((s_id, r_gen.rollout(params)))
  File "C:\Users\notes\smawm\controller.py", line 123, in rollout
    observation, reward, done, info = self.env.last()
  File "C:\Users\notes\Anaconda3\envs\smawm\lib\site-packages\pettingzoo\utils\env.py", line 118, in last
    observation = self.observe(agent) if observe else None
  File "C:\Users\notes\Anaconda3\envs\smawm\lib\site-packages\pettingzoo\utils\wrappers\order_enforcing.py", line 73, in observe
    return super().observe(agent)
  File "C:\Users\notes\Anaconda3\envs\smawm\lib\site-packages\pettingzoo\utils\wrappers\base.py", line 62, in observe
    return self.env.observe(agent)
  File "C:\Users\notes\Anaconda3\envs\smawm\lib\site-packages\pettingzoo\utils\wrappers\base.py", line 62, in observe
    return self.env.observe(agent)
  File "C:\Users\notes\Anaconda3\envs\smawm\lib\site-packages\pettingzoo\mpe\_mpe_utils\simple_env.py", line 99, in observe
    self.world.agents[self._index_map[agent]], self.world
  File "C:\Users\notes\Anaconda3\envs\smawm\lib\site-packages\pettingzoo\mpe\scenarios\simple_adversary.py", line 160, in observation
    other_pos.append(other.state.p_pos - agent.state.p_pos)
KeyboardInterrupt
