Process Process-8:
Traceback (most recent call last):
  File "/home/jetnew/anaconda3/envs/smawm/lib/python3.6/multiprocessing/process.py", line 258, in _bootstrap
    self.run()
  File "/home/jetnew/anaconda3/envs/smawm/lib/python3.6/multiprocessing/process.py", line 93, in run
    self._target(*self._args, **self._kwargs)
  File "controller.py", line 182, in slave_routine
    r_queue.put((s_id, r_gen.rollout(params)))
  File "controller.py", line 115, in rollout
    _, latent_mu, _ = self.vae(obs)
  File "/home/jetnew/anaconda3/envs/smawm/lib/python3.6/site-packages/torch/nn/modules/module.py", line 547, in __call__
    result = self.forward(*input, **kwargs)
  File "/home/jetnew/smawm/vae.py", line 57, in forward
    mu, logsigma = self.encoder(x)
  File "/home/jetnew/anaconda3/envs/smawm/lib/python3.6/site-packages/torch/nn/modules/module.py", line 547, in __call__
    result = self.forward(*input, **kwargs)
  File "/home/jetnew/smawm/vae.py", line 46, in forward
    logsigma = self.fc_logsigma(x)
  File "/home/jetnew/anaconda3/envs/smawm/lib/python3.6/site-packages/torch/nn/modules/module.py", line 548, in __call__
    for hook in self._forward_hooks.values():
KeyboardInterrupt
