Process Process-8:
Traceback (most recent call last):
  File "/home/jetnew/anaconda3/envs/smawm/lib/python3.6/multiprocessing/process.py", line 258, in _bootstrap
    self.run()
  File "/home/jetnew/anaconda3/envs/smawm/lib/python3.6/multiprocessing/process.py", line 93, in run
    self._target(*self._args, **self._kwargs)
  File "controller.py", line 188, in slave_routine
    r_queue.put((s_id, r_gen.rollout(params)))
  File "controller.py", line 132, in rollout
    _, _, _, _, _, hidden = self.mdrnn(actions, latent_mu, hidden)
  File "/home/jetnew/anaconda3/envs/smawm/lib/python3.6/site-packages/torch/nn/modules/module.py", line 547, in __call__
    result = self.forward(*input, **kwargs)
  File "/home/jetnew/smawm/mdrnn.py", line 135, in forward
    next_hidden = self.rnn(in_al, hidden)
  File "/home/jetnew/anaconda3/envs/smawm/lib/python3.6/site-packages/torch/nn/modules/module.py", line 547, in __call__
    result = self.forward(*input, **kwargs)
  File "/home/jetnew/anaconda3/envs/smawm/lib/python3.6/site-packages/torch/nn/modules/rnn.py", line 941, in forward
    return _VF.lstm_cell(
  File "/home/jetnew/anaconda3/envs/smawm/lib/python3.6/site-packages/torch/nn/_VF.py", line 12, in __getattr__
    return getattr(self.vf, attr)
KeyboardInterrupt
