Process Process-1:
Traceback (most recent call last):
  File "/home/jetnew/anaconda3/envs/smawm/lib/python3.6/multiprocessing/process.py", line 258, in _bootstrap
    self.run()
  File "/home/jetnew/anaconda3/envs/smawm/lib/python3.6/multiprocessing/process.py", line 93, in run
    self._target(*self._args, **self._kwargs)
  File "controller.py", line 189, in slave_routine
    r_queue.put((s_id, r_gen.rollout(params)))
  File "controller.py", line 121, in rollout
    action = self.controller(latent_mu, hidden[0])
  File "/home/jetnew/anaconda3/envs/smawm/lib/python3.6/site-packages/torch/nn/modules/module.py", line 547, in __call__
    result = self.forward(*input, **kwargs)
  File "controller.py", line 36, in forward
    return self.act2(self.fc3(x))
  File "/home/jetnew/anaconda3/envs/smawm/lib/python3.6/site-packages/torch/nn/modules/module.py", line 547, in __call__
    result = self.forward(*input, **kwargs)
  File "/home/jetnew/anaconda3/envs/smawm/lib/python3.6/site-packages/torch/nn/modules/activation.py", line 982, in forward
    return F.softmax(input, self.dim, _stacklevel=5)
  File "/home/jetnew/anaconda3/envs/smawm/lib/python3.6/site-packages/torch/nn/functional.py", line 1230, in softmax
    ret = input.softmax(dim)
KeyboardInterrupt
