Process Process-12:
Traceback (most recent call last):
  File "/home/jetnew/anaconda3/envs/smawm/lib/python3.6/multiprocessing/process.py", line 258, in _bootstrap
    self.run()
  File "/home/jetnew/anaconda3/envs/smawm/lib/python3.6/multiprocessing/process.py", line 93, in run
    self._target(*self._args, **self._kwargs)
  File "controller.py", line 189, in slave_routine
    r_queue.put((s_id, r_gen.rollout(params)))
  File "controller.py", line 114, in rollout
    observation, reward, done, info = self.env.last()
  File "/home/jetnew/anaconda3/envs/smawm/lib/python3.6/site-packages/pettingzoo/utils/env.py", line 118, in last
    observation = self.observe(agent) if observe else None
  File "/home/jetnew/anaconda3/envs/smawm/lib/python3.6/site-packages/pettingzoo/utils/wrappers/order_enforcing.py", line 73, in observe
    return super().observe(agent)
  File "/home/jetnew/anaconda3/envs/smawm/lib/python3.6/site-packages/pettingzoo/utils/wrappers/base.py", line 62, in observe
    return self.env.observe(agent)
  File "/home/jetnew/anaconda3/envs/smawm/lib/python3.6/site-packages/pettingzoo/utils/wrappers/base.py", line 62, in observe
    return self.env.observe(agent)
  File "/home/jetnew/anaconda3/envs/smawm/lib/python3.6/site-packages/pettingzoo/mpe/_mpe_utils/simple_env.py", line 99, in observe
    self.world.agents[self._index_map[agent]], self.world
KeyboardInterrupt
