Process Process-15:
Traceback (most recent call last):
  File "/home/jetnew/anaconda3/envs/smawm/lib/python3.6/multiprocessing/process.py", line 258, in _bootstrap
    self.run()
  File "/home/jetnew/anaconda3/envs/smawm/lib/python3.6/multiprocessing/process.py", line 93, in run
    self._target(*self._args, **self._kwargs)
  File "controller.py", line 186, in slave_routine
    r_queue.put((s_id, r_gen.rollout(params)))
  File "controller.py", line 133, in rollout
    _, _, _, _, _, hidden = self.mdrnn(actions, latent_mu, hidden)
  File "/home/jetnew/anaconda3/envs/smawm/lib/python3.6/site-packages/torch/nn/modules/module.py", line 547, in __call__
    result = self.forward(*input, **kwargs)
  File "/home/jetnew/smawm/mdrnn.py", line 138, in forward
    out_full = self.gmm_linear(out_rnn)
  File "/home/jetnew/anaconda3/envs/smawm/lib/python3.6/site-packages/torch/nn/modules/module.py", line 547, in __call__
    result = self.forward(*input, **kwargs)
  File "/home/jetnew/anaconda3/envs/smawm/lib/python3.6/site-packages/torch/nn/modules/linear.py", line 87, in forward
    return F.linear(input, self.weight, self.bias)
  File "/home/jetnew/anaconda3/envs/smawm/lib/python3.6/site-packages/torch/nn/functional.py", line 1369, in linear
    ret = torch.addmm(bias, input, weight.t())
KeyboardInterrupt
