Process Process-9:
Traceback (most recent call last):
  File "/home/jetnew/anaconda3/envs/smawm/lib/python3.6/multiprocessing/process.py", line 258, in _bootstrap
    self.run()
  File "/home/jetnew/anaconda3/envs/smawm/lib/python3.6/multiprocessing/process.py", line 93, in run
    self._target(*self._args, **self._kwargs)
  File "controller.py", line 186, in slave_routine
    r_queue.put((s_id, r_gen.rollout(params)))
  File "controller.py", line 124, in rollout
    action = follow_agent_closest_to_landmark_policy(observation, eps=0) if not done else None
  File "/home/jetnew/smawm/policies.py", line 69, in follow_agent_closest_to_landmark_policy
    if np.argmin([dist_a1_l1, dist_a2_l1, dist_a1_l2, dist_a2_l2]) < 2:
  File "<__array_function__ internals>", line 6, in argmin
  File "/home/jetnew/anaconda3/envs/smawm/lib/python3.6/site-packages/numpy/core/fromnumeric.py", line 1269, in argmin
    return _wrapfunc(a, 'argmin', axis=axis, out=out)
  File "/home/jetnew/anaconda3/envs/smawm/lib/python3.6/site-packages/numpy/core/fromnumeric.py", line 55, in _wrapfunc
    return _wrapit(obj, method, *args, **kwds)
  File "/home/jetnew/anaconda3/envs/smawm/lib/python3.6/site-packages/numpy/core/fromnumeric.py", line 44, in _wrapit
    result = getattr(asarray(obj), method)(*args, **kwds)
  File "/home/jetnew/anaconda3/envs/smawm/lib/python3.6/site-packages/numpy/core/_asarray.py", line 83, in asarray
    return array(a, dtype, copy=False, order=order)
KeyboardInterrupt
