Process Process-1:
Traceback (most recent call last):
  File "C:\Users\notes\Anaconda3\envs\smawm\lib\multiprocessing\process.py", line 258, in _bootstrap
    self.run()
  File "C:\Users\notes\Anaconda3\envs\smawm\lib\multiprocessing\process.py", line 93, in run
    self._target(*self._args, **self._kwargs)
  File "C:\Users\notes\smawm\controller.py", line 181, in slave_routine
    r_queue.put((s_id, r_gen.rollout(params)))
  File "C:\Users\notes\smawm\controller.py", line 124, in rollout
    self.env.step(action)
  File "C:\Users\notes\Anaconda3\envs\smawm\lib\site-packages\pettingzoo\utils\wrappers\order_enforcing.py", line 68, in step
    super().step(action)
  File "C:\Users\notes\Anaconda3\envs\smawm\lib\site-packages\pettingzoo\utils\wrappers\base.py", line 68, in step
    self.env.step(action)
  File "C:\Users\notes\Anaconda3\envs\smawm\lib\site-packages\pettingzoo\utils\wrappers\assert_out_of_bounds.py", line 24, in step
    super().step(action)
  File "C:\Users\notes\Anaconda3\envs\smawm\lib\site-packages\pettingzoo\utils\wrappers\base.py", line 68, in step
    self.env.step(action)
  File "C:\Users\notes\Anaconda3\envs\smawm\lib\site-packages\pettingzoo\mpe\_mpe_utils\simple_env.py", line 211, in step
    self._execute_world_step()
  File "C:\Users\notes\Anaconda3\envs\smawm\lib\site-packages\pettingzoo\mpe\_mpe_utils\simple_env.py", line 151, in _execute_world_step
    agent_reward = float(self.scenario.reward(agent, self.world))
  File "C:\Users\notes\Anaconda3\envs\smawm\lib\site-packages\pettingzoo\mpe\scenarios\simple_adversary.py", line 83, in reward
    else self.agent_reward(agent, world)
  File "C:\Users\notes\Anaconda3\envs\smawm\lib\site-packages\pettingzoo\mpe\scenarios\simple_adversary.py", line 108, in agent_reward
    good_agents = self.good_agents(world)
KeyboardInterrupt
