Process Process-4:
Traceback (most recent call last):
  File "C:\Users\notes\Anaconda3\envs\smawm\lib\multiprocessing\process.py", line 258, in _bootstrap
    self.run()
  File "C:\Users\notes\Anaconda3\envs\smawm\lib\multiprocessing\process.py", line 93, in run
    self._target(*self._args, **self._kwargs)
  File "C:\Users\notes\smawm\controller.py", line 185, in slave_routine
    r_queue.put((s_id, r_gen.rollout(params)))
  File "C:\Users\notes\smawm\controller.py", line 117, in rollout
    action = self.controller(latent_mu, hidden[0])
  File "C:\Users\notes\Anaconda3\envs\smawm\lib\site-packages\torch\nn\modules\module.py", line 547, in __call__
    result = self.forward(*input, **kwargs)
  File "C:\Users\notes\smawm\controller.py", line 30, in forward
    return self.act(self.fc(cat_in))
  File "C:\Users\notes\Anaconda3\envs\smawm\lib\site-packages\torch\nn\modules\module.py", line 547, in __call__
    result = self.forward(*input, **kwargs)
  File "C:\Users\notes\Anaconda3\envs\smawm\lib\site-packages\torch\nn\modules\activation.py", line 982, in forward
    return F.softmax(input, self.dim, _stacklevel=5)
  File "C:\Users\notes\Anaconda3\envs\smawm\lib\site-packages\torch\nn\functional.py", line 1230, in softmax
    ret = input.softmax(dim)
KeyboardInterrupt
