Process Process-10:
Traceback (most recent call last):
  File "/home/jetnew/anaconda3/envs/smawm/lib/python3.6/multiprocessing/process.py", line 258, in _bootstrap
    self.run()
  File "/home/jetnew/anaconda3/envs/smawm/lib/python3.6/multiprocessing/process.py", line 93, in run
    self._target(*self._args, **self._kwargs)
  File "controller.py", line 176, in slave_routine
    r_queue.put((s_id, r_gen.rollout(params)))
  File "controller.py", line 121, in rollout
    observation, reward, done, info = self.env.step(action)
  File "/home/jetnew/smawm/env.py", line 27, in step
    actions[agent] = self.adversary_policy(self.observations[agent], eps=self.adversary_eps)
  File "/home/jetnew/smawm/policies.py", line 76, in follow_agent_closest_to_landmark_policy
    return random_policy()
  File "/home/jetnew/smawm/policies.py", line 54, in random_policy
    return random.randint(0, 4)
  File "/home/jetnew/anaconda3/envs/smawm/lib/python3.6/random.py", line 221, in randint
    return self.randrange(a, b+1)
  File "/home/jetnew/anaconda3/envs/smawm/lib/python3.6/random.py", line 197, in randrange
    return istart + self._randbelow(width)
KeyboardInterrupt
