Process Process-7:
Traceback (most recent call last):
  File "/home/jetnew/anaconda3/envs/smawm/lib/python3.6/multiprocessing/process.py", line 258, in _bootstrap
    self.run()
  File "/home/jetnew/anaconda3/envs/smawm/lib/python3.6/multiprocessing/process.py", line 93, in run
    self._target(*self._args, **self._kwargs)
  File "controller.py", line 176, in slave_routine
    r_queue.put((s_id, r_gen.rollout(params)))
  File "controller.py", line 117, in rollout
    _, latent_mu, _ = self.vae(obs)
  File "/home/jetnew/anaconda3/envs/smawm/lib/python3.6/site-packages/torch/nn/modules/module.py", line 1102, in _call_impl
    return forward_call(*input, **kwargs)
  File "/home/jetnew/smawm/vae.py", line 61, in forward
    recon_x = self.decoder(z)
  File "/home/jetnew/anaconda3/envs/smawm/lib/python3.6/site-packages/torch/nn/modules/module.py", line 1102, in _call_impl
    return forward_call(*input, **kwargs)
  File "/home/jetnew/smawm/vae.py", line 27, in forward
    x = F.relu(self.fc1(x))
  File "/home/jetnew/anaconda3/envs/smawm/lib/python3.6/site-packages/torch/nn/modules/module.py", line 1170, in __getattr__
    _buffers = self.__dict__['_buffers']
KeyboardInterrupt
