Process Process-4:
Traceback (most recent call last):
  File "/home/jetnew/anaconda3/envs/smawm/lib/python3.6/multiprocessing/process.py", line 258, in _bootstrap
    self.run()
  File "/home/jetnew/anaconda3/envs/smawm/lib/python3.6/multiprocessing/process.py", line 93, in run
    self._target(*self._args, **self._kwargs)
  File "controller.py", line 164, in slave_routine
    r_gen = RolloutGenerator(logdir, device, time_limit)
  File "controller.py", line 58, in __init__
    for fname in (vae_file, rnn_file)]
  File "controller.py", line 58, in <listcomp>
    for fname in (vae_file, rnn_file)]
  File "/home/jetnew/anaconda3/envs/smawm/lib/python3.6/site-packages/torch/serialization.py", line 608, in load
    return _legacy_load(opened_file, map_location, pickle_module, **pickle_load_args)
  File "/home/jetnew/anaconda3/envs/smawm/lib/python3.6/site-packages/torch/serialization.py", line 787, in _legacy_load
    result = unpickler.load()
  File "/home/jetnew/anaconda3/envs/smawm/lib/python3.6/site-packages/torch/serialization.py", line 743, in persistent_load
    deserialized_objects[root_key] = restore_location(obj, location)
  File "/home/jetnew/anaconda3/envs/smawm/lib/python3.6/site-packages/torch/serialization.py", line 821, in restore_location
    return default_restore_location(storage, location)
  File "/home/jetnew/anaconda3/envs/smawm/lib/python3.6/site-packages/torch/serialization.py", line 175, in default_restore_location
    result = fn(storage, location)
  File "/home/jetnew/anaconda3/envs/smawm/lib/python3.6/site-packages/torch/serialization.py", line 155, in _cuda_deserialize
    return storage_type(obj.size())
  File "/home/jetnew/anaconda3/envs/smawm/lib/python3.6/site-packages/torch/cuda/__init__.py", line 606, in _lazy_new
    return super(_CudaBase, cls).__new__(cls, *args, **kwargs)
RuntimeError: CUDA error: out of memory
CUDA kernel errors might be asynchronously reported at some other API call,so the stacktrace below might be incorrect.
For debugging consider passing CUDA_LAUNCH_BLOCKING=1.
