Process Process-16:
Traceback (most recent call last):
  File "/home/jetnew/anaconda3/envs/smawm/lib/python3.6/multiprocessing/process.py", line 258, in _bootstrap
    self.run()
  File "/home/jetnew/anaconda3/envs/smawm/lib/python3.6/multiprocessing/process.py", line 93, in run
    self._target(*self._args, **self._kwargs)
  File "swm_controller.py", line 199, in slave_routine
    r_queue.put((s_id, r_gen.rollout(params)))
  File "swm_controller.py", line 148, in rollout
    action = self.get_action_and_transition(obs)
  File "swm_controller.py", line 127, in get_action_and_transition
    self.model(obs)
  File "/home/jetnew/anaconda3/envs/smawm/lib/python3.6/site-packages/torch/nn/modules/module.py", line 1102, in _call_impl
    return forward_call(*input, **kwargs)
  File "/home/jetnew/smawm/swm.py", line 280, in forward
    return self.obj_encoder(obs)
  File "/home/jetnew/anaconda3/envs/smawm/lib/python3.6/site-packages/torch/nn/modules/module.py", line 1102, in _call_impl
    return forward_call(*input, **kwargs)
  File "/home/jetnew/smawm/swm.py", line 427, in forward
    h = self.act2(self.ln(self.fc2(h)))
  File "/home/jetnew/anaconda3/envs/smawm/lib/python3.6/site-packages/torch/nn/modules/module.py", line 1102, in _call_impl
    return forward_call(*input, **kwargs)
  File "/home/jetnew/anaconda3/envs/smawm/lib/python3.6/site-packages/torch/nn/modules/normalization.py", line 190, in forward
    input, self.normalized_shape, self.weight, self.bias, self.eps)
  File "/home/jetnew/anaconda3/envs/smawm/lib/python3.6/site-packages/torch/nn/functional.py", line 2347, in layer_norm
    return torch.layer_norm(input, normalized_shape, weight, bias, eps, torch.backends.cudnn.enabled)
KeyboardInterrupt
