Process Process-2:
Traceback (most recent call last):
  File "/home/jetnew/anaconda3/envs/smawm/lib/python3.6/multiprocessing/process.py", line 258, in _bootstrap
    self.run()
  File "/home/jetnew/anaconda3/envs/smawm/lib/python3.6/multiprocessing/process.py", line 93, in run
    self._target(*self._args, **self._kwargs)
  File "swm_controller.py", line 184, in slave_routine
    r_queue.put((s_id, r_gen.rollout(params)))
  File "swm_controller.py", line 133, in rollout
    action = self.get_action_and_transition(obs)
  File "swm_controller.py", line 110, in get_action_and_transition
    action = self.controller(state)
  File "/home/jetnew/anaconda3/envs/smawm/lib/python3.6/site-packages/torch/nn/modules/module.py", line 1102, in _call_impl
    return forward_call(*input, **kwargs)
  File "swm_controller.py", line 35, in forward
    return self.act(self.fc(x))
  File "/home/jetnew/anaconda3/envs/smawm/lib/python3.6/site-packages/torch/nn/modules/module.py", line 1102, in _call_impl
    return forward_call(*input, **kwargs)
  File "/home/jetnew/anaconda3/envs/smawm/lib/python3.6/site-packages/torch/nn/modules/activation.py", line 1226, in forward
    return F.softmax(input, self.dim, _stacklevel=5)
  File "/home/jetnew/anaconda3/envs/smawm/lib/python3.6/site-packages/torch/nn/functional.py", line 1680, in softmax
    ret = input.softmax(dim)
KeyboardInterrupt
