Process Process-9:
Traceback (most recent call last):
  File "/home/jetnew/anaconda3/envs/smawm/lib/python3.6/multiprocessing/process.py", line 258, in _bootstrap
    self.run()
  File "/home/jetnew/anaconda3/envs/smawm/lib/python3.6/multiprocessing/process.py", line 93, in run
    self._target(*self._args, **self._kwargs)
  File "swm_controller.py", line 187, in slave_routine
    r_queue.put((s_id, r_gen.rollout(params)))
  File "swm_controller.py", line 137, in rollout
    observation, reward, done, info = self.env.step(action)
  File "/home/jetnew/smawm/env.py", line 32, in step
    self.observations, rewards, dones, infos = self._env.step(actions)
  File "/home/jetnew/anaconda3/envs/smawm/lib/python3.6/site-packages/pettingzoo/utils/conversions.py", line 93, in step
    agent: self.aec_env.observe(agent) for agent in self.aec_env.agents
  File "/home/jetnew/anaconda3/envs/smawm/lib/python3.6/site-packages/pettingzoo/utils/conversions.py", line 93, in <dictcomp>
    agent: self.aec_env.observe(agent) for agent in self.aec_env.agents
  File "/home/jetnew/anaconda3/envs/smawm/lib/python3.6/site-packages/pettingzoo/utils/wrappers/order_enforcing.py", line 73, in observe
    return super().observe(agent)
  File "/home/jetnew/anaconda3/envs/smawm/lib/python3.6/site-packages/pettingzoo/utils/wrappers/base.py", line 62, in observe
    return self.env.observe(agent)
  File "/home/jetnew/anaconda3/envs/smawm/lib/python3.6/site-packages/pettingzoo/utils/wrappers/base.py", line 62, in observe
    return self.env.observe(agent)
  File "/home/jetnew/anaconda3/envs/smawm/lib/python3.6/site-packages/pettingzoo/mpe/_mpe_utils/simple_env.py", line 99, in observe
    self.world.agents[self._index_map[agent]], self.world
  File "/home/jetnew/anaconda3/envs/smawm/lib/python3.6/site-packages/pettingzoo/mpe/scenarios/simple_adversary.py", line 164, in observation
    [agent.goal_a.state.p_pos - agent.state.p_pos] + entity_pos + other_pos
  File "<__array_function__ internals>", line 2, in concatenate
KeyboardInterrupt
