Process Process-9:
Traceback (most recent call last):
  File "/home/jetnew/anaconda3/envs/smawm/lib/python3.6/multiprocessing/process.py", line 258, in _bootstrap
    self.run()
  File "/home/jetnew/anaconda3/envs/smawm/lib/python3.6/multiprocessing/process.py", line 93, in run
    self._target(*self._args, **self._kwargs)
  File "swm_controller.py", line 189, in slave_routine
    r_queue.put((s_id, r_gen.rollout(params)))
  File "swm_controller.py", line 139, in rollout
    observation, reward, done, info = self.env.step(action)
  File "/home/jetnew/smawm/env.py", line 32, in step
    self.observations, rewards, dones, infos = self._env.step(actions)
  File "/home/jetnew/anaconda3/envs/smawm/lib/python3.6/site-packages/pettingzoo/utils/conversions.py", line 85, in step
    self.aec_env.step(actions[agent])
  File "/home/jetnew/anaconda3/envs/smawm/lib/python3.6/site-packages/pettingzoo/utils/wrappers/order_enforcing.py", line 68, in step
    super().step(action)
  File "/home/jetnew/anaconda3/envs/smawm/lib/python3.6/site-packages/pettingzoo/utils/wrappers/base.py", line 68, in step
    self.env.step(action)
  File "/home/jetnew/anaconda3/envs/smawm/lib/python3.6/site-packages/pettingzoo/utils/wrappers/assert_out_of_bounds.py", line 24, in step
    super().step(action)
  File "/home/jetnew/anaconda3/envs/smawm/lib/python3.6/site-packages/pettingzoo/utils/wrappers/base.py", line 68, in step
    self.env.step(action)
  File "/home/jetnew/anaconda3/envs/smawm/lib/python3.6/site-packages/pettingzoo/mpe/_mpe_utils/simple_env.py", line 211, in step
    self._execute_world_step()
  File "/home/jetnew/anaconda3/envs/smawm/lib/python3.6/site-packages/pettingzoo/mpe/_mpe_utils/simple_env.py", line 151, in _execute_world_step
    agent_reward = float(self.scenario.reward(agent, self.world))
  File "/home/jetnew/anaconda3/envs/smawm/lib/python3.6/site-packages/pettingzoo/mpe/scenarios/simple_adversary.py", line 83, in reward
    else self.agent_reward(agent, world)
  File "/home/jetnew/anaconda3/envs/smawm/lib/python3.6/site-packages/pettingzoo/mpe/scenarios/simple_adversary.py", line 92, in agent_reward
    adversary_agents = self.adversaries(world)
  File "/home/jetnew/anaconda3/envs/smawm/lib/python3.6/site-packages/pettingzoo/mpe/scenarios/simple_adversary.py", line 76, in adversaries
    return [agent for agent in world.agents if agent.adversary]
KeyboardInterrupt
